1 央视,晚会,曝光,快速,利用,微博,快速,公关
2 平台,应用,类型,布局,方式
3 使用,加强,品牌,建设
4 至上,设计,创意,要素,设计,技巧
5 推视,频识,技术,自动,匹配,商品,试用,效果
6 未来,移动,社交,网络,雏形
Traceback (most recent call last):
  File "document_generator.py", line 51, in <module>
    generate(INPUT)
  File "document_generator.py", line 45, in generate
    documents = segmenter.segment(items)
  File "/Users/Yuan/Downloads/socrates/extractor/segmenter.py", line 46, in segment
    con.request("GET", WEB_SERVICE_SEG % old_chinese)
  File "/System/Library/Frameworks/Python.framework/Versions/2.7/lib/python2.7/httplib.py", line 941, in request
    self._send_request(method, url, body, headers)
  File "/System/Library/Frameworks/Python.framework/Versions/2.7/lib/python2.7/httplib.py", line 975, in _send_request
    self.endheaders(body)
  File "/System/Library/Frameworks/Python.framework/Versions/2.7/lib/python2.7/httplib.py", line 937, in endheaders
    self._send_output(message_body)
  File "/System/Library/Frameworks/Python.framework/Versions/2.7/lib/python2.7/httplib.py", line 797, in _send_output
    self.send(msg)
  File "/System/Library/Frameworks/Python.framework/Versions/2.7/lib/python2.7/httplib.py", line 759, in send
    self.connect()
  File "/System/Library/Frameworks/Python.framework/Versions/2.7/lib/python2.7/httplib.py", line 740, in connect
    self.timeout, self.source_address)
  File "/System/Library/Frameworks/Python.framework/Versions/2.7/lib/python2.7/socket.py", line 562, in create_connection
    sock.connect(sa)
  File "/System/Library/Frameworks/Python.framework/Versions/2.7/lib/python2.7/socket.py", line 224, in meth
    return getattr(self._sock,name)(*args)
KeyboardInterrupt
1 央视,晚会,曝光,快速,利用,微博,快速,公关
2 平台,应用,类型,布局,方式
3 使用,加强,品牌,建设
4 至上,设计,创意,要素,设计,技巧
5 推视,频识,技术,自动,匹配,商品,试用,效果
6 未来,移动,社交,网络,雏形
7 中国,网民,只用,手机,上网
8 分析,应用,告诉,肤品,最好
9 新宠,电子,钱包
10 中国,移动,终端,市场,发展,趋势,分析
11 移动,视频,社交化,有趣
12 手机,花元,游戏
13 社交,广告,利益,分析
14 设计,入门,了解,交互,设计
15 空中,保姆,配对,服务帮,年轻,父母,照看,孩子
16 女性,主导,交友,网站
17 常识,网站,设计,过程,原则
18 移动,应用,设计,趋势
19 好型,设计,点击,设计
20 广告,生态圈,看到,购买
21 年度,美国,游戏,行业,报告
22 品觉,商业,别谈,数据
23 杀伤力
24 个性化,广告,吓坏,用户,避免,过度,运用,数据
25 应用,周刊,一路网,阿姨,拍拍,缘创派
26 快速,启动,项目,样板
27 设计,空间,节省
28 个人云,取代,核心,地位
29 自动,制作,信息图
30 亚马逊,成为,全球,移动,零售,网站
31 带领,品牌,进入,内容,时代
32 土豆,合并,解读,视频,行业,压力,风向标,转变
33 人机,交互,革命
34 
35 模式,保证,收益,大化
36 企业,监测,来自于,负面,消息
37 肌肤,检测,智能,手机,应用,革新,服务,商业,模式
38 未来,电子书,文学,带来,影响
39 屏幕,手势发,短信
40 革命
41 国外,社交,网络,用户,数据,情况
42 滚动,消失,细节,设计
43 动动,手指,搞定,手势,操作,手机端,软件,设计,应用
44 故事,创造,引人注目,体验
45 编写,优质,文档
46 设备,界面,设计,显示屏,背后,秘密
47 表现,形式,设计
48 公司,旨在,旅行者,地陪,联结,起来
49 设计师,工具,资源
50 植物,大战,僵尸,开发者,传授,设计,技巧
51 使用,原因
52 交互,说明,文档
53 社会化,媒体,营销,报告,启示
54 手机,应用,开发者,盈利者,足成
55 时代,报纸,收费,读者,细分
56 页面,流量,激增,预示,智能,手机,革命,来临
57 应用,进行,统计,分析
58 社交,网络,本地商,搜索,影响,日益,增强
59 秘密,合作,开发,购物,社区
60 企业,成功,要素
61 消费
62 应用,移动,互联网,版本,搜索,引擎
63 应用,数据,提升,用户,体验
64 手机,点击,区域,秘密
65 背后,流量,滴灌,时代
66 没有,意识,浅谈,意识,设计
67 促销,新招,时尚,品牌,购物者,社交,影响力,提供,折扣
68 脾气,页面
69 页面,网站,设计,案例
70 社交,反馈,转化,价值,商业,数据
71 利用,技术,用户,打造,虚拟,留言墙
72 招教,构建,虚拟,商品,支付,系统
73 服务云端化,可能,改变,整个,软件,行业
74 初创,公司,普通,员工,退出,收益,知识,分享
75 同行,中国,互联网,微创新
76 社会化,媒体,投资,回报率,白皮书
77 应用,取代,收款机
78 打造,个性化,新闻,社交,网络
79 实名,制下,商规
80 结合,沉醉,难以,自拔
81 兵败,电子,商务
82 成本,推广,突出,重围
83 制造,渴望
84 验证,广告,理念,引入,视频,广告
85 人们,推文,删除,推文,卖给,在线,营销,企业
86 个人云,服务,浅析,对比
87 报告,称豌,豆荚,产品,上传,用户,数据,行为
88 电商,探索,蘑菇街,自由,团看,反向,团购
89 内容,营销,可口可乐,堂课
90 成美,第三,社交,网站,刺激,企业,销量
91 图形,语言,规范化,意义,过程
92 开发,方便,快捷,个好,工具
93 商务,网站,购买,欲望,购买,目标
94 过时,衣物,打造,时尚,获万,美元,投资
95 搜索,引擎,搜索,比读,直观,有效
96 活跃,用户,数从万,增长,至万
97 基于,位置,信用卡,优惠
98 发展,现状,展望
99 手机,视频,分享,服务,推荐
100 美国,本地,移动,搜索,应用,完成
101 保险业,移动,时代,利用,手机,现场,拍照,完成,车险,理赔
102 专门,打折,提供,名人,设计,服装
103 农场,餐桌,订阅,服务,提供,机婴儿,食品
104 插件,浏览器,实时,视频,音频,通信
105 公司,设计,激励,员工,期权池
106 公司,帮助,女士,轻易,买到,钟爱,文胸
107 社交,网络,表达,更加,自由
108 美国,虚拟,物品,消费,达亿,美元
109 移动,游戏,成为,全球,游戏,行业,支柱
110 网页,设计,案例,个性,导航,菜单
111 生活,进行,时下,竞争,投资,高点,身体,应用,市场
112 客户,超级,武器,数字,淘金
113 光场,相机,拍照,对焦,神奇,盒子
114 开发,成功,游戏
115 周末,马云
116 社会化,媒体,走向
117 应用,比拼
118 拼图,日记,记录
119 推出,商家,设计,功能,开拓,移动,广告,市场
120 网络,书签,服务,注册费,使用,人数,增加,增加
121 预览,版试,体验,进化,完成
122 交互,密度
123 图表化,产品化
124 产品,探索,意义,流程
125 网站
126 活动,进行,过上,城市,低碳,生活
127 环境,变化,浪潮,电视,媒体,趋势,选择
128 大学派,本质,切入
129 一定,知道,网站
130 产品,设计,订阅,团队,博客
131 出售,历史,数据,用于,市场,分析
132 应用,购物,收入,超应用,付费,下载,收入
133 移动,应用,购买,未来
134 中国,用户,从未,购买,应用
135 网站,启示,社会化,电商,内容,关键
136 发布,系列,措施,主导,移动,应用,生态,系统
137 未来
138 分享,快乐,世界
139 大夫,在线,发布,新版,客户端,布局,移动,互联网
140 轻松,分享,全方位,旅行,体验
141 手机,搞定,跨界,产品,盘点
142 网络,营销,趋势
143 领域
144 有用,产品,好用
145 窗口,支持,合并,融合,社交,元素
146 数字,营销,指南
147 获药,监局,许可,医药馆,正式,上线
148 即将,推出,人脸,认证,登录,技术
149 输入,网页,表单,亲切
150 产品,新手,引导,设计
151 实时,收听,个性化,音频,新闻
152 产品,执行,力促,抓住,机会
153 智能,手机,市场,概览
154 产品,设计,禁忌
155 成长,体系,漫谈
156 创新,创新
157 男装,电商,模式,订购线,免费,试穿
158 解决,跨平台,问题,终极,密钥
159 应用,周刊,美乐,阿姨,服务,迷等
160 商品,设计,销售
161 维码,年度,拍二,维码云,服务,平台,统计,简报
162 需要,导航,网站
163 苹果,星巴克,学到,条营,销法
164 移动,互联网,广告,设计
165 一步,制作,出高,品质
166 聚焦,移动,未来
167 成为,优秀,产品,经理
168 人民,超市,人民,拥有,人民,服务
169 周刊,前景,广阔
170 渐进式
171 地方,网站,投资,问答
172 交互,特性,浅析,设计,探究
173 游戏,发展,机遇,盈利,方式
174 影响,女性,情绪,冲动,消费,因雌,激素,变化
175 未来,形态
176 健康,相关,互联网,移动,互联网,服务
177 迎来,挑战者
178 电子,商务,创新,案例,集合,订购,反向,定价,游戏化,社交,购物
179 触屏,移动,设备,设计
180 微博,霸主,何以,年亿,美金
181 视频,切入,垂直,搜索,期望,做到,中国
182 不止,新闻,聚合器
183 支付,服务商,发布,开发,平台
184 无线,淘宝,无线,成交额亿,移动,贡献,用户
185 医药,比价,模式,便宜,处方
186 设备,阅读器,设计,技巧
187 清除,照片,移动,影像
188 方式,搜索,附近,加油站
189 一级,围观,电商,导购,网站
190 手机,操作,系统,日益,融合,简易,安全,同步
191 苹果,搜索
192 寻常,哈佛,商学院,学生,领域,创业,项目,盘点
193 面部,识别,应用,打通,现实,社交,虚拟,社交
194 掘金,视觉,社交,细分,市场,婚庆版
195 酷炫,应用,程序
196 应用,成门户,网站,提高,用户,满意度,关键
197 万用户,定律
198 中国,行业,战略,投资,数据,报告
199 值得,关注,社会化,营销,趋势
200 游戏,设计,营销,盈利,方式
201 花渐,迷人眼,待办,事项,工具
202 页面,重构,工程师,眼中,用户,体验
203 浏览器,被曝,使用,明文,密码亿,用户,面临,安全,威胁
204 眼中年,成立,最酷,创业,公司
205 平台,采用,部分,技术,可塑性
206 开发,能否,替代,本地,程序
207 兴趣,图谱,重塑,社交,网络,未来,商业
208 应用,周刊,略晓,女友,里外,咕噜鱼
209 阅读,前线,日本,本土,产品,启示
210 网站,首页,设计,思考
211 能否,引领,移动,互联网,革命
212 搜索
213 应用,手机,变成,遥控器
214 伟大,中间,地带,崛起
215 丢失,宠物,能发,短信,主人
216 揭秘,创业,失败,原因
217 电子,商务,能够,崛起,原因
218 操作,系统,特性,试用,体验
219 全球,移动,设备,数据,增长,预测
220 产品,经理
221 工作,原理,入门,解析
222 
223 狗屎
224 推出,自助,广告,系统,上市,准备
225 手机,变成,遥控器,控制,浏览器,屏幕
226 模式,生态,涌家,受困,内容
227 广告,互动,情景,互动式,创意,广告
228 触屏,手机,设计,拇指,操作,热区,死角,控件,尺寸
229 移动,互联网,数据,报告
230 营销,手段,企业,客座,博客,收益,案例
231 来袭
232 分散式,集中式,电子,商务,模式
233 年做,到亿,美金,估值
234 冲动,购买,说起
235 发布,移动,云存储,服务,百度,宝盒,打造,云生态,系统
236 广告,体验,之间,寻求,平衡
237 社交,网络,快速,爆发,盈利,能力,领先
238 社交,网站,收入,模式,细分,户群,值钱
239 应用,用户,体验,设计,准则
240 政府,社交,媒体,预测,未来
241 鞋类,品牌,社会化,营销,案例
242 信息,结构,眼动,研究
243 图片,搜索,视频,撼动,现有,行业,格局
244 优秀,免费,配色,网站,网站,出彩
245 吸引,用户,留住,用户,产品,运营,网站,运营,思路
246 识别,应用,代替,维码,读取,内容
247 设计,风格,应用,准备,设计,指南
248 推出,新版,应用,提供,探索,功能
249 背后,智能,搜索,引擎
250 设计,表达,信息
251 电子,商务,网站,订单,转化率
252 协作
253 验证,广告,平台
254 模式,移动化,电子,商务,未来
255 产品,竞争,分析,方法
256 情人,看看,国外,新鲜,相亲,网站
257 游戏,设计,中应,回避,个坏,习惯
258 数据,说话,网站,实例,分析
259 变革,社交,商务,游戏,规则
260 支付,趋势,短信,支付
261 在线,零售业,大网站
262 未来,互联网,收费,模式,可能
263 健身,应用,塑造,迷人,身材
264 跨平台,视频,短信,服务
265 响应式,设计,案例
266 生活,进行,时人,机合,一无处不在,数字,未来
267 应用,周刊,贝壳网,立方宝
268 知乎,产品,运营
269 调查,显示,线视,频渐,有线,电视,终结者
270 应该,应对,变身,搜索,达人,消费者
271 媒体,盈利,模式,创新,背后
272 帮助,电商,度过节,销售,淡季,建议
273 品牌,经营,狂受,追捧,主页
274 网络,影响,消费者,购物,决策
275 第次,浪潮
276 安装量,收费,广告,模式,典范
277 设计,注册,表单
278 页面,设计,中光,特效
279 产品,设计,反馈,提示
280 点评,百亿,公司
281 平台,发现,新型,手机,病毒
282 新加坡,地铁站,试推,扫描,购物,服务
283 手机,操作,系统,乐众,抢夺,市场
284 学习,打造,灵动,体验
285 设计,开发,实用,指南
286 付费,链接,服务
287 数据,导向
288 应用,促进,发现,品牌,产品
289 草图,设计
290 应用,推广,美元,创造万,美元,收入
291 上市,公司,私有化,回购,雅虎,股权
292 设计,消息,通知
293 电视,应用,变革,电视,频道,理念
294 财经,周刊,宝宝,答案
295 中国,互联网,学生,老师
296 公开,拥有,核心,价值
297 营销,互联网,营销,作用
298 即用即,抛型,电子,邮箱,服务
299 用户,体验,共同点
300 应用,趋势,报告,游戏,用户,最爱,用户,关注,工具类,软件
301 产品,开发,绝密,工作,流程
302 替代,游戏,终端
303 交互,设计
304 观看,发现,视频,应用
305 具备,按钮,设计,效率,应用
306 设备,阅读,体验
307 全球,互联网,开放,平台,开发者,调查,报告
308 商业,三种,趋势,移动,社交
309 互联网,公司,激发,消费,欲望
310 变革,图书,出版业,幕后,英雄,克什巴姆
311 拍摄,物品,变成,生意
312 移动,应用,发展,趋势
313 大改版
314 影响力,个开源,项目
315 变更,内容,审查,机制,不同,国家,过滤,内容
316 提高,品牌,页面,内容,互动性
317 生产线,海外,转移,美国,制造,一去不返
318 今夜,酒店,特价,商业,模式
319 电视,节目,社会化,服务,汇总
320 朋友,一起,视频
321 赚钱,途径
322 短视,频社,网站
323 移动,商业,现状,趋势
324 游戏,长度,重要
325 新浪,微博,三分之一,热门,话题,微博,出自,假冒,账号
326 任务,积分,兑换,奖励,孩子,爱上,家务
327 资深,产品,经理,敏捷,开发,游戏
328 凯西,精巧,设计,关卡,创建,经验,分享
329 经理,原型,设计,不得不,故事
330 图片,存储,架构,学习
331 推出,通讯录,管理,应用
332 品牌,更加,社会化
333 真实,生活,游戏化
334 新浪,成功,互联网
335 基于,云端,个人,理财,助手
336 个性化,阅读,服务,汇总
337 拍照,图片,分享,改变,击倒,柯达
338 应用,必定,长久
339 未来,采用,拍照,对焦,技术
340 网页,设计,趋势,分析
341 改变
342 先驱,意大利,网站
343 运营,愚蠢,炼成
344 品质,格式,免费,标集
345 手机,打印,贺卡,服务
346 手机,浏览器,产品,风格,调研
347 国内,互联网,移动,互联网,初创,企业,信息图
348 社会化,商业,组织,模型
349 力量
350 高清,地图,发布,未来,手机,电子,地图
351 针对,合影,人像,图片,拼贴,应用
352 用户,在线,管理,收费,凭条
353 圣诞,假期,行动,装置,消费,相关,数据
354 设备,简单,交互,设计
355 驱动,电子,商务,组织,架构,迷局,反思
356 案例,精选,性化,营销,时代,到来
357 营销,趋势,展望
358 新旧
359 游戏,设计,未来,发展,趋势
360 生活,进行,智能,体感,未来,诞生
361 融合,反向,电子,商务,销售,网站
362 用户,维续,深度,解析,社交,游戏,休闲,游戏
363 独立,开发者,提供,参考
364 开创,时代,经验
365 社会化,应用,程序,商店
366 亚马逊,带来,美元,收入
367 应用,周刊,恋链网,积木游,拾衣网,私密答
368 首页,改版,阿里巴巴,中国,站首,改版,经验谈
369 推出,进军,数字,教科书,领域
370 一站式,私人,活动,发布,管理,平台
371 短租,服务,汇总
372 影视,字幕组,获万,美元,风投,创造,有限,分享,模式
373 中国,手机,客户端,项目,总结
374 规范,附全,翻译
375 用户,情感,互通,冲上,收入,第一
376 苹果,内部,保密,细节,运营,恐怖,组织
377 互联网,失物,招领,平台
378 胡扯,团购,模式,提升,网站,粘度,至关,重要
379 探讨,工具,模式
380 在线,酒店,预订路,何方
381 移动,广告,发展,趋势
382 排队,等候,时间,生意
383 用户,评判,比较,类型,事物
384 应用,万下载,营收,超万,美元
385 邮件,应用,支持,状态,语音,功能
386 应用,婚礼,宴会,免费,蹭饭
387 设计,过程
388 商务,第二,植入,社交,娱乐,元素
389 用户,比价,地方,购买,商品
390 社交,设计
391 互联网,发展,报告,中国,以亿,网民,总数,全球
392 研究,报告,全文,重视,社交,网络,关系
393 移动,应用,搜索,推荐,公司
394 世界,无限,精彩,全景,图像,运营,当时
395 虚拟,商家,扫描,完成,交易
396 手机,浏览,餐馆,账单,结账
397 分享,经济,实时,举足轻重
398 维码,进行,市场,推广,玩法
399 平庸,浅谈,登录,页面,设计
400 一下,用户,体验,设计
401 设计,准则
402 分布式,洗车,服务
403 产品,设计,盘点
404 病毒,视频,创作,手法
405 一次性,完成,复制,粘贴
406 选择,设计,帮助,用户,制定,决策
407 进行,厚积,薄发,力量
408 跨平台,云存储,空间,服务
409 位置,本地,优惠,模式
410 品牌,营销,成功,秘密
411 世界,条管理,名言
412 盖茨,条睿智,语录
413 世界,经典,管理,定律
414 商业,博客,成功
415 奇特,网站
416 冉冉,升起,科技,创业,新星
417 专家,眼中,网站,设计
418 靠谱,火车,票网,订购,系统
419 技术,产品,趋势,全球,电子,产品,盛宴
420 值得,关注,科技,创业,公司
421 环绕,圆圈
422 美女,设计师,移动,互联网,创业经
423 现实,虚拟,融合,产品,增强,现实,屏让,驾驶,模拟,虚实,结合
424 推社,音乐,服务,加入,好友,音乐,聊天
425 技术,发展,应用,定律
426 开发者,卖掉,移动,应用
427 闻到,信息物,联网,尝试
428 预测,年大,数字化,媒体,趋势
429 模块化,设计,衣服,随意,变换,样式,风格
430 月租型,电子,童书,服务,数字,教学,平台
431 苹果,牛顿,产品,失败,原因,超前,至少年
432 网络,改版,用户,眼球,热力图
433 著名,网站,眼球,热力图,眼球,踪图,详解
434 生活,进行,个人,行动,装备,创新,技术,侧面
435 率先,发布,语音版,手机,浏览器,核心,技术,自主,研发
436 世界,末日,电商,寒冬
437 网站,移动,销售量,网站
438 传感器,手机,微博,情绪,标记
439 图说,纵看,电视,社会化,历程
440 天猫,淘宝,商城,危险,天猫,出笼
441 设计,经验,积累
442 网络,正在,成为,个人,操作,系统
443 整合,视频,网站
444 值得,营销,人士,反思,博客,营销,策略
445 网络,本质,按钮,背后,数据,逻辑
446 面向,设计师,屏幕,分辨率,管理,工具
447 社交,捐赠,服务,捐赠,资助,作者,积分,兑换,礼物
448 模式,服务,重回,恋爱,获得,刺激
449 社交,旅行,应用,打造,互联网,旅途,日志
450 社会化,电子,商务,平台,盘点
451 市场,究竟
452 捕鱼,达人,收入,来自,内置,广告
453 主题,集合,博客
454 发布,手机,浏览器,白皮书,重点,构建,生态,系统
455 数据,访问量,达到,万次,年龄,介于,岁到,女性
456 应用,周刊,印象码,美汇,米库网,嬉购网
457 深度,用户,访谈,没有,社交,压力
458 品牌,意识
459 表单,设计,点点滴滴
460 交互,设计,校验,思考
461 研究,思路,概述,淘宝网,分享
462 页面,华丽,变身
463 营销,交叉,营销,关联,推荐
464 捆绑,销售,设计,思路
465 影响力,评估,方法,探讨
466 去年,今天,互联网,留下,痕迹,整理,邮件
467 销售,尝试,提供,精选,美食
468 服务,融合,众多,社交,特性
469 批量,图像,处理,工具
470 社交,网站,影响力,换成,真金,白银
471 移动,社会,化大,趋势
472 打造,性能,移动,用户,体验
473 企业
474 实例,分析,数据,说话
475 策展,成为,社交,网络,潮流,发展,方向
476 创新,拾音器,辨别,触摸,手势
477 网络,工具,网络,身份证
478 推出,个性化,名片,服务
479 电商,玩法,旅行,尺寸,化妆品,直接,送达,目的地
480 公敌,马化腾,企鹅,入侵
481 搜索,手机,客户端,设计,项目,分享
482 图标,微观,世界,符号,说起
483 越来越,需要,访客,模式
484 零售商,模式
485 上传,图片,获取,维修,报价
486 社交,网络,潮流,前瞻,内容,策展,热点
487 迷人,自我,表达,工具
488 谷歌,苹果,三堂课
489 伟大,事都,有钱人,做完
490 媒体,创业,机会,空中,广告
491 浅谈,互联网,产品,前期,设计,方法
492 设计,流程
493 安排,温馨,浪漫,约会
494 视频,品牌,形象,设计
495 烦躁,一些
496 内核,手机,浏览器,泄露,建国,内首,应用,市场
497 以滥,创意,成就,越亿,美金,生意
498 互联网,创业,趋势
499 利用,解决,宠物,乱跑,问题
500 执行力,创业,公司
501 广告,过滤,历史
502 值得,关注,云计算,服务
503 副总裁,张小龙谈,微信,人性,把握,重要
504 看清,移动,互联,网大,方向
505 信息,设计
506 按钮,引发,爆炸,方兴未艾,社交,组件
507 上线,个人,主页,眼动,情况,研究
508 网站,终极,出路
509 概念,产品,交互,设计,体会,探讨
510 进情侣,关系,应用,基于,游戏,分享,模式
511 应用,基于,方案,解决,应用,发现,问题
512 数据,年聚,划算,团购,数据,报告
513 应用,周刊,哗啦,商场,杀价,嗨卡
514 代码,托管,服务
515 对论,电子书,价格,决策
516 支付,未来
517 悄悄,拿下,年亿,美元,电商,订单
518 儿童,服装,交换,市场
519 文件,扫描,软件
520 应用,运动,罚钱,运动,奖钱
521 普及,天煞,到底,东西
522 设计
523 用户,细分,比较,分析
524 设计,原型,原型,绘制,应用
525 设计,速成
526 时代,春秋,战国,群雄,乱战,创业者,抓住,机会
527 网站,专注,用户,兴趣,真实社,交圈
528 菜谱,自动,创建,购物,清单
529 新型,社交,媒体,工具,前名
530 宠物,寄养版
531 成名,背后,坚持
532 在线,视频,广告,十二,预测
533 使用,社交,媒体,获得,客户,建议
534 聚焦,社交,媒体,影响力,评估
535 社会化,广告
536 中国,社会化,分享,数据,年度,报告
537 正式,进军,桌面,推出
538 设计,抄袭,借鉴
539 平台,键交,原则
540 活跃,用户,达亿,用户,使用,移动,应用
541 别人,联想,图形化,设计,涵容,不得,牵强
542 帝国,内幕,战略,管理,全面,剖析,涌动,巨头
543 运营,思路
544 界面,设计,状态,动作,表达
545 移动,应用,交互,设计,趋势
546 模式,免费
547 分钟,认识,个人,时间
548 病毒,儒家
549 定义,客户,中心
550 手机,浏览器,创新,展望
551 停笔,写作,应用
552 评选,年度,社交,媒体,营销,活动
553 十款,新闻,媒体,应用,社会化,未来
554 热门,网站,模仿者们
555 移动,设备,带来,大型,游戏,体验
556 空间,设计,继承,颠覆
557 帝国,版图,渐现,手机,终端,开放,图谱
558 内容,阅读,趋势,创业,项目,产品
559 传播,八种,方式
560 公司,成功,秘密
561 增值,游戏,街机,游戏,取经
562 推广,移动,游戏,推广,模式
563 社交,视频,大战
564 卖掉,分手,不再,需要,东西,分享,曾经,爱情,故事
565 厨房,搜索,分类
566 视频,战斗机,坚挺,病毒,营销,视频
567 增值,模式,势不可挡
568 应用,周刊,知彼,瓜子网,合拍网
569 华丽,转身
570 应用,使用,时长,首超,网页,应用,趋势
571 初创,公司,案例,用户,提供,兴趣,内容
572 内部,撰文,一江,春水,东流
573 收礼者,感觉
574 网站,集合,网页,制作,组件
575 会化,媒体,营销,趋势,观点
576 移动,应用,腾飞,巨龙
577 应用,发展,回顾,何方
578 合适,创意,设计,原则
579 密码,事儿
580 淘宝网,首页,内容,随机,展示,应用
581 投资者,青睐,互联网,初创,公司
582 相似,图片,相同,兴趣
583 轴功,影响,品牌,营销,推广
584 未来,搜索,人工,智能,化多,模式,用户,界面
585 应用,可用性,条设计,原则
586 应用,商店,发展,盘点
587 苹果,载量,激增
588 今年,初创,公司
589 艺术,草图,原型,实战,技巧
590 权威,指南,预测
591 出价,流程,浮窗,设计,小结
592 互联网,热门,趋势,阅读,内容,转移
593 访问量,增跻,身大社,网站
594 辨认,音乐,移动
595 社交,报告,社交,用户,超过亿
596 利用,互联网,工具,深入,调研,仰慕已久,网站
597 生活,细节,归纳,用户,体验,设计,原则
598 设计,大门,条设计,建议
599 用户,体验,摆脱,注重,工作
600 曹政,谈谈,学习,沟通
601 女孩,创办,社交,网站,以亿,美元,出售
602 应用,分销,平台,下载,千万
603 追求,所谓,完整,设计,流程
604 重视,用户,行为,分析,赚到
605 社会化,浏览器,正式,发布,抢走万,用户
606 电子书,价格,实体书
607 里程碑,事件
608 模式,探讨,游戏,结合,传感器,衍生,盈利,途径
609 位置,交友,兴趣,图谱
610 招聘,开发,工程师,交互,工程,视觉,设计师
611 视频,改变,收视,营销,优势,凸显
612 
613 界面,设计
614 优秀,应用
615 动机,游戏化,设计,关键,所在
616 用户,常见,心理,特征
617 图几,述说,故事
618 设计
619 传奇,创办,公司,学到
620 乔布斯传,得到,经验,教训
621 应用,周刊,邻客,易摆家
622 人机,交互,操作,适合
623 面部,识别,靠谱,体感,应用,开发,热潮
624 模式,探讨,跳出,应用,本身,探索,全新,盈利,模式
625 模式,探讨,一款,应用,日本,开发者,智慧
626 纽约,时报,互联网,正向,实体物,联网,演变
627 绘画,设计,概念
628 定性,用户,画像
629 首页,设计,经验
630 全球,移动,互联网,市场,预测
631 火爆,商机,创业,概念
632 信息,社会化,媒体,刺激,节日,购物
633 互联网,时代,产品,开发,加速器
634 消费,未来,银行,个人,理财,创新,服务
635 设计,诞生,设计,件事
636 款可,用于,前端,开发,免费,文本,编辑器
637 规定,发微,博须,真实,身份,信息,注册
638 全球,范围,正式,页面
639 年月,全球,网络,视频,浏览量,排名
640 全球,在线,音乐,市场
641 设计,经验谈,游戏界面,设计,学习,地方
642 互联网,获取,本地,商业,信息,来源
643 操作,流程,思考
644 时代,周报,失控,腾讯,帝国
645 浮窗,设计,使用
646 互联网,思想,重造,手机
647 回眸
648 通讯录,产品,横评,畅想
649 体验,真实,明星,鼓手,感觉
650 面部,识别,移动,社交
651 开发,好用,张幻灯片,获得,美元,投资
652 网页,设计,趋势
653 客体,缔造者,吴声,电商,春天,谈何,冬天
654 博单,页面,流量,下降,进入,疲劳期
655 站内,搜索,初探,排序,内容,呈现
656 提升,搜索,体验
657 失败,科技,产品,应用,上榜
658 内功
659 转化,漏斗
660 行业,漏斗,定律,黄金,比例
661 美丽,免费,主题
662 买家,聚划算,心理,认知,探讨
663 用户,体验,促进,网站,转化率,提升
664 框架,快速,创建,跨平台,网站,页面,原型
665 引导性,移动,应用,界面,设计,模式
666 乐子
667 出色,增强,现实,应用
668 差不多,先生
669 原汁原味,应用
670 不善,准备,接招
671 交互,个人,想象
672 简单,比价,应用,亚马逊,撬动,零售商,市场
673 践行,人生学
674 知名,网站,最初,界面,揭秘,设计,简单
675 商务,交易,互联网,技术
676 中国区,年度,应用,排行,榜单
677 公布,年度,应用
678 平板,电脑,透明
679 移动,开发者,生存,调查,亏损,盈利
680 社交,网络,聊天,移动,应用
681 应用,人人,制作,高清,短片
682 火爆,原因,原因,揭秘
683 火爆,迅猛,创业,公司
684 第四,社交,网络,内部,数据,揭秘,营收亿,美元
685 微博,博客,之间
686 寻找,旅伴,社交,旅游,网站
687 立信,中国,农村,消费者,通信,调查
688 应用,周刊,奇遇,摄汇,转角,风车网
689 输入法,键盘,布局
690 腾讯,微信,崛起
691 对比,苹果,谷歌,比拼
692 设计,课程,创造,优秀,用户,界面
693 用户,超万,版欲,国际,路线
694 生活,进行,视控,技术,眼神,遥控,未来
695 品牌,页面,对比,整体,先易,管理
696 发布,网站,订阅,功能,类似,功能
697 时代,晨光
698 宣布,规模,改版,增多,功能
699 科技,趋势,震惊,世界
700 图表,解析,优秀,网站
701 期待,科技,产品,居首
702 图形,系统,一些,事实,真相
703 巨大,比较
704 店铺,成为,网商们,展台,试衣间
705 前瞻,期望,失望
706 互联,网年,终盘点,全球,手机,用户,总量,为亿
707 内容,消费
708 网络,蕴藏,社会化,营销,大玄机
709 运用,社交,媒体,制造,活动,营销,方法
710 开发,需要,了解,东西
711 没有,顺滑
712 困惑,陌生人,摆脱,半生不熟,状态
713 欢迎,五款,开发,工具
714 影响,手机,游戏,未来,走向,大因素
715 支付,时代,到来,推动,电商,实现
716 未来,全胜
717 广告,价格,粉丝算,单个,粉丝,美元
718 营销,小视
719 眼动,研究,优化,页面,布局
720 未来,发展,趋势
721 运营,数据,分析,指标
722 移动,支付,行业,发展,趋势,分析
723 中国,网络,报告,网购,人均,支出,美元
724 诅咒,信息,对称
725 主流,浏览器,杀手级,功能
726 夜视,婴儿,监测器,支持
727 智能,机用户,使用,移动,设备,消费
728 电子,商务,网站,投资,报告
729 即时,通讯,市场,研究
730 移动,支付,战略,处理,万次,交易
731 工作者,世纪,矿工
732 调查法,应用
733 用户,体验,一些,总结
734 应用,成功,产品,早期,原型,设计,用户,测试
735 忠诚度,关键,信仰
736 社交,网站,个人,首页,眼动,研究,情况
737 新版,推出,上演,华丽,转身
738 手机,互动,点亮,销售
739 创新,信息,发现,阅读,应用
740 图谱,聚集,用户,社区化,电子,商务,正在,爆发
741 优秀,设计师,伟大,设计师,区别
742 商务,渠道,揭秘
743 活动,中文,互联网,开放,评选
744 设备,尺寸,玄机
745 服务器,正式,开源
746 联通,发改委,申请,中止,垄断,调查
747 用户,推荐,装扮,诱惑法
748 设计,免费,游戏
749 游戏,开发,做份,沙拉,简单
750 音乐,趋势
751 支付,一定,费用,按时,寄去,一箱子,童装
752 科技,大佬,点评,平台,优劣
753 应用,审核,通关,秘籍
754 报名,第二,产品,经理,峰会
755 电商,移动,演进,网站,需要,内容,和平,共重
756 电影,移动,社交,应用
757 网络,公司,品牌,定位,要点,剖析
758 中国,成为,价值,电子,商务,市场
759 优化,文本,长度
760 网页,设计,色彩,理论
761 网站,项目,测试,用户
762 互联网
763 电子,屏幕,保护,社会化
764 发布,首款社,交网,应用,软件
765 推出,开放,应用,平台,增强,音乐,发现,功能
766 优秀,移动,网站,设计,案例
767 微博,推出,身份,信息,注册,率先,面向,微博加,用户,推出
768 正在,变轻
769 平板,电脑,用户,正在,改变,购物,方式
770 微博
771 突破,之路,本地化,点评,服务,网站
772 产品,死于,方向,毁于,节奏
773 第一,可用性,测试
774 为营,用户,体验,设计
775 消费,分享,社区,应用,评测,蘑菇,美丽
776 好在,粉丝,独到,见解
777 用户,自行,发布,天气,情况,社会化,移动,应用
778 钱景
779 传统,互联网,婚恋,网站,挑战者
780 游戏,体验,差异化,设计
781 电子,商务,制定,社会,认同,营销,策略
782 兄弟,一款,手机,游戏,赚到万,美元
783 移动,开发,架构
784 公司,失败,错误,吸取,教训
785 小伙,推出,广告,免收,手续费
786 机器人,对话,初探,语音,智能,交互
787 设计,找回,用户,帐号,功能
788 平台,开放,封闭
789 免费,增值,游戏,设计,特点,注意,事项
790 电子,商务,躺在,沙发,移动,购物
791 财经,周刊,网页,取代
792 正在,死去
793 聚变,第季,互联网,创业,团队,招募,公告
794 工场,汪华,未来,移动,互联网,创业
795 应用,周刊,悦读,魔镜,通讯录
796 应用,周刊,车族,转让,春雨,掌上,医生,居家,民卡
797 可供性,设计
798 生活,更加,美好,创业,公司
799 未来,视频,视频,颠覆,产业,个征兆
800 分享,模式,价值,浅析
801 移动,互联网,迷宫,网站,移动化,方法,策略
802 贝索斯,告诉,颠覆,世界
803 设计,未来
804 应用,开发,平台,开发者,直接,免费,受众,用户
805 不同,设备,上网,时间,统计,分析
806 个人,魔法,试衣间
807 装着,服务器,局域网,成就,教育,热点
808 手机,交互,设计
809 分析,手机,意欲
810 游戏,电脑,之后,微软,体感,声控,运用,电视
811 危机,社交,游戏,盈利,危机
812 移动,应用
813 广告,推广,策略,营收,状况,用户,评价
814 超越,美国,全球,智能,手机,市场
815 袆教,打造,十页,完美,商业,计划书
816 团购,概念,运用,烹饪
817 之间,关系,拉近
818 东西,反而
819 全球,智能,手机,市场,份额,出炉
820 网页,世界
821 新闻,站点,再设计
822 网络,悖论
823 获取,购物,意见
824 个视,觉差,滚动,效果,网站
825 核心,数据,像素,打造,出彩,用户,界面,设计
826 网站,移动,客户端,应用
827 原型,框图,本质,实践,应用,概述
828 推动,庞大,群体,透支,生命
829 预订,流程,别墅型
830 电影,互联网,广告
831 表年,社交,电子,商务,发展史
832 互联网,用户,演变,报告,重要性,日益,突出
833 科幻,小说,现实,应用,现实,增强,浏览器,之前,生今世
834 保护套,展示,照片
835 全景,拍摄,应用,对比,最好
836 毕胜,电子,商务,浮躁,生意,泡沫
837 建立,真实,社交,关系,之上,口碑,营销
838 趋势,网络,媒体,未来,数据,分析,决策
839 营销,解读
840 设计
841 电脑,设计
842 社会化,电视
843 社会化,电子,商务,机会
844 开发者,指南,建立,运作,互联网,初创,项目
845 应用,打造,社交,网络版,支付
846 发布,社交,电话,服务,无须,安装,网络,视频,电话
847 用社,交化,营销,方式,击败,传统,点评,网站
848 巨头,商业,模式,分析
849 形式,进化,带来,移动,价值,交换
850 游戏,单一,定价,消费者,剩余,长尾,理论,免费,增值
851 响应式,设计,进行
852 网络,表单,可用性,规范
853 动作,冒险,游戏,评点
854 应用,评测
855 美国,价值,博客
856 商业,秘密,利用,人性,引诱,定价,定律
857 对比
858 技术,身体,心灵,感受,未来,精彩,节拍
859 增强,网页,兼容性,设计,模版
860 创业者,懂得,保留,股权
861 时代,潮流,技术,产品
862 告诉,购买,电子,产品,最佳,时机
863 设计师,遭遇
864 时尚,品牌,视频,营销
865 衣服,适合,大家,告诉
866 商业,模式,未来,出路
867 应用,必定,长久
868 季报,广告营,收万,美元,收入
869 评选,出年,免费,应用
870 网页,交互,亮点,解析
871 系统,延续,美学
872 中国,在线,购物,市场,落后,西方
873 激发,设计,灵感,优秀,网页
874 设计,原则
875 现在
876 事儿,过气
877 网站,曝光,整合,视频,聚会,功能
878 推出,全新,名片,扫描,应用
879 第二,团购,网站,推出,订餐,外卖,服务
880 随手,回推,完成,交易
881 变成
882 网站,改版,希望,成为,城市,指南
883 移动,平台,生态,系统,研究,报告
884 天使汇,正式,上线
885 超越,群雄,成为,移动,游戏,领域,领导者
886 帮忙,困难,找师
887 作战,书中自,黄金,币书,萝莉
888 上传,笑视,频年,坐收,十万,英镑
889 优势,劣势,分散化
890 应用,催化,移动,购物
891 颠覆,传统,观影,体验,应用
892 滨兴,国家,建立,独立,网络
893 获得,同步,数据,许可
894 策划,设计,工作,流程
895 敌人
896 博客,化之路
897 手机,发展,趋势
898 观众,喜欢,平板,电脑,看长,视频
899 兴趣,乐园,背后,文章
900 移动,互联网,广告,报告
901 用户,点击,广告,优惠券
902 终极
903 非常,有用,设计,开发,工具
904 误读,模式,重点,详解
905 苹果,设计师,互动,未来,手指
906 公司
907 免费,专业,使用,用户,界面,素材
908 乔布斯,门徒
909 半径,服务,模式,在线,订餐,网站
910 高清,封印,影音,攻坚,秘史
911 故事,腾讯,创始,人们
912 闻录,消费者,需要,营销
913 企业,微博,活雷锋
914 产品,设计,指南,规范
915 互联网,复制,微创新
916 增强,网页,兼容性,设计,实用,工具
917 生活,进行,触摸,科技,体验,未来,精彩
918 教父,送给,创业者
919 亿在线,背后,技术,挑战
920 互联网,演变,广告,传递
921 用户,推荐
922 需求,管理
923 引擎,网页,分类,技术
924 网站,分类,架构,浅析
925 灰度,发布
926 收购,名单,收购,公司
927 地理,位置,汽车,提供,清洗
928 支付,应用,进化
929 改版,牺牲,名人,强化,大众,参与度,推出,功能
930 停止,移动版,播放器,开发,加大,投入
931 具创,新力,创业,公司
932 为王,设计
933 乔布斯,生意,直觉,再造,专注
1 新型,武器,追求,人性化,安全性,遭疑图
2 显爱尔兰,统痛,饮啤,酒庆,传统,节日
3 纽约,图片,迎接,金日成,诞辰图
4 紧张,观望,朝鲜,发射,卫星,计划,国会,反应,强烈
5 人民,代表,大会,常务,委员会,工作,报告,全文
6 推进,合作,伙伴,关系,五点,意见
7 受权,播发,人大,常委会,工作,报告
8 刑诉法,正式,发布,年月,日起,施行
9 以色列,狂吠,动武
10 首相,防卫,大学,训话,关切,军事,动向
11 外事,部门,严格,执行,规定,做好,出访,审批,工作
12 阿富汗,平民,美军,身份,曝光,居家,男人
13 中国,海监船,英种,文字,宣示,钓鱼岛,主权
14 海监,编队,巡航,钓鱼岛,排除,日方,舰机,干扰,阻挠
15 秘机,舱盖板,现身,组图
16 首都,爆炸,致百余,死伤,当局,安南,合作
17 外长,中国,开采,争议,海域,石油,按菲,法律
18 北京,降雪,好兆,人们,心情
19 香港,开售,水货商,收购,价低,炒风,趋淡
20 拒报,资产,藐视,法庭,临判,监或,罚款,刑罚
21 选举,电视,论坛,英年,指梁,暴力,对付,示威
22 九成人,公交,出行,比例,世界,第一
23 副秘书长,民进党,人士,确应,了解,大陆
24 邀请,外国,专家,记者,观看,卫星,发射
25 官媒,发射,卫星,任一,邻国,产生,影响
26 经贸,合作,朝鲜,公布,黄金坪,威化岛,经济,区法
27 主战机,研发,失败,英日,高度,紧张
28 导弹,战机,对抗,演习
29 法务,部门,可能,给予,陈水扁,特殊,礼遇
30 改口,重审,特赦,出来,愿意
31 协议,面临,夭折,媒揣,测金,正恩,体制,内斗
32 走私,检货,值万,大宗
33 英批,唐捏造,事实,投诉,触犯,选举,条例
34 梁振英,指控,捏造,事实,遗憾
35 接受,平潭,综合,实验区,原则
36 林毅夫,返台,探亲,梦想,太久
37 民进党,认识,中国,党员,求复党籍
38 警备,区称,中央,高度,一致,保持,纯洁性
39 党政,机关,拥护,中央,决定,迎接,十八
40 党政,机关,表态,拥护,中央,调整,市委,领导,决定
41 警备区,坚决,党中央,中央,军委,保持,一致
42 法院,检察院,坚决,维护,重庆,社会,大局,稳定
43 外长,飞抵,北京,准备,中方,官员,会晤
44 规定,公务,行为,实行,终身,负责制
45 工会,要求,十万,干部,公开,手机,号码,热议
46 海监船,编队,东海,油气田,海域,巡航,返航
47 书记,严格,落实,维稳,责任,追究
48 清称,退休,饮食店,应聘,打工
49 总统,往来,邮件,惊现,神秘裸,女图
50 爆炸,震惊,叙利亚,反对派,指责,政权,无能图
51 大幅,增加,驻外,大使馆,数量
52 林毅夫,返台,现行犯,处置
53 海峡,大桥,通航,论证,预计,年内,开工
54 受权,全文,播发,修改,刑事,诉讼法
55 呼吁,唐英年,梁振英,政府,披露,资料
56 批评,唐英年,辩论,言论,分寸
57 证实,梁振英,漏报,利益,事件,严重
58 打破,公务员,铁饭碗,合格,辞退
59 海监船,完成,钓鱼岛,巡航,任务
60 第十二,利比里亚,维和,部队,回国
61 中国,东风,威胁,美军
62 中国,导弹,世界,一流,运输机,轰炸机,落后
63 学者,中国,警惕,周边,国家,假军,演真,打仗
64 试飞,爱好,飞机,少女,军迷,成群,围观
65 歼舰,载机,即将,着舰
66 朝鲜,抛出,卫星,计划,施压,美国
67 大陆,孕妇,产子,内地,中介,认罪,监月
68 英年,政绩,经验,港人,有益
69 集体,全程,品评,英何俊仁,问津
70 英熟,拳经,登擂,太太,全程,陪伴,挺夫
71 否决,平潭案,杨毅,回击,常扮,消极,角色
72 大陆,交流,了解,自然,模式,出来
73 救助,基金,扩至,万亿,德国,拒注资
74 世界,苹果,股价,青天
75 经济,春芽,壮标,普年,破点
76 广场,百人,开卖,轮购,插队,酿殴斗
77 霍尔木兹,海峡,加强,海军,部署
78 致信,病人,家属,背后,医院,病人,出院
79 纪委,组织部,召开,会议,坚决,拥护,中央,决定
80 中国,海监,船钓,鱼岛,海域,巡航,正常,执法,活动
81 会见,朝鲜,驻华,大使,发射,卫星表,忧虑
82 报告,提前,半月,起草,温家宝,修改
83 工作,报告,重点,工作,部门,分工,确定
84 普京,射虎秀疑,造假,动物园,老虎
85 朝鲜,发射,卫星,具有,高度,挑衅性
86 总理,称宁,坐牢,写信,举报,总统
87 称驾,车撞,美国,防长,男子,英国,高官,翻译
88 批准万,美元,援助,计划,推动,俄罗斯,民主
89 强制,起诉,中国,船长,詹其雄
90 安理会,汇报,叙利亚,行称,方需,谨慎,处理
91 阿富汗,总统,同意,坚持,撤军,时间表
92 金融业,跨境,结算,封杀
93 房贷,利率,开启,农行,工行,承诺,优惠
94 称美,内定,世行,行长,定三人候,选名,单图
95 沪指,周线,阴全,周跌
96 首曝,数据,造假,晋渝,干预,数据,上报,上榜
97 发动史,最大,查找,改革
98 金融,机构,制裁,伊朗,家银
99 巡逻,尾随,跟踪,中国,海监船
100 空天,防御,新型,号首,飞成,功建,概念,防御,体系
101 炒巴,土地,租借,中国,驻扎,解放军
102 全球,唯一,调波,紫外,自由,电子,激光器
103 坠毁,原因,扑朔迷离,美军,内部,纷争,不断
104 研究,重复,使用,火箭,不同于,航天,飞机
105 大型,军用,运输机年,首飞
106 税费,调查,政府,拿走,部分,房价,六成
107 微在,优酷,土豆,合并,决策,赞成票
108 茅台,商务庆,典酒,军区,专供,酒全,假酒
109 开卖,香港,售价,港元
110 行业,乱象,拉菲,万瓶,国内,卖万瓶
111 吸收,外资,下滑,今年,贸易,顺差
112 批乱,收费,问题,严重,公布,收费,明细
113 高管,高盛市,值掉亿,美元
114 限制,外资,参与,政府,采购,施压,中国
115 宣布,于月,发射,人造,卫星
116 冲高,回落,指涨,受阻,日线
117 英峰会,讨论,油价,高盛,大唱,反调,美元
118 中途,停迪,外交部,解释,加油
119 周年,吕秀莲,呼吁,政府,重启,调查
120 党员,登陆,欢迎,温总,民进党,似乎
121 要求,油上,油价,发布,方案
122 增持,美国,国债亿,美元
123 我国,使用,外资,同比,降连,增长
124 东辞,中国,移动,副总经理,经济,问题,调查
125 议息,暗藏,玄机,冲销版,替身
126 减楼市,调控,趋向,建立,长效,机制
127 人民币,美元,汇率
128 银行业,发债,规模,创新
129 英国,失去,评等,机率,逾成
130 金价,日跌,周新
131 解放军,装备,架歼,攻击,宙斯,盾舰
132 中国,巨浪,潜射,导弹,具备,作战,能力
133 中国,航母,获得,关键,技术,突破,今年,服役
134 汇率,均衡,加大,双向,波动
135 网友,担心,优酷,土豆,合并,造成,垄断
136 土豆,闪婚,乐视网,百度,离婚
137 金融,石油,板块,护盘,止跌,回升
138 不再,担任,重庆,书记,股市,重庆,板块,重挫
139 开户,条件,收紧,投资,暂停,开户
140 决定,免去,王立军,重庆市,副市长,职务
141 举行,陆海,空军,联合,军事,训练,金正恩,指导
142 财长,萨默斯,传为,世行,行长,热门,人选
143 举措,提振,股市,信心,股发,行价
144 日报,头版,文刊,温家宝答,中外,记者,内容
145 温家宝,第年,记者会,桌子,表达,意志
146 不再,担任,重庆,市委,书记,张德江,兼任
147 修改,中华,人民,共和国,刑事,诉讼法,决定
148 动作,约见,学者,研两,政策
149 高开,国企,指数,低开
150 涨跌,一沪,指跌
151 记者,会长,分钟,记者会
152 夫人,争妍,斗丽卡,梅伦,夫人,一筹,组图
153 全球,女富,豪榜,中国,房地产商,入选
154 优酷,吞并,最后,稻草,女人
155 高管,离职,离开,高盛
156 爆星,晨急,破产,收加,盟费
157 网站,消费,投诉,牟利,临近,业务,翻倍
158 靖江,价亿,土地万,卖给,开发商
159 银监会,考虑,温州,民间,金融,综合,改革,试点
160 报告,垄断化,中国,人均,增长
161 上调,希腊,评级,欧债,危机,转折,否存,争议
162 能源署,伊朗,石油,出口,制裁,下降
163 黑帮,饭局,影响,限梁,振英,民望,始终,领先
164 主席,改选,暗潮,涌苏,积极,谢语,玄机
165 风暴,马英九,引开,矛头,承诺,政府
166 破冰,登陆,陈菊,积极,鼓励,国台办表,欢迎
167 巨贪,杨秀珠,司机,起诉,贪污,挪用万
168 盘点,总理,记者会,译员,精彩,翻译图
169 规定,官员,外出,考察,公款,相互,宴请
170 谈刑,诉法,争议,条款,司法,解释,具体化
171 政府,酷刑,对付,反对派,钳子,扯下,腿肉
172 称名,朝鲜,官员,视察,边界,板门店
173 航天,技术,自研,较好,航空,反思,评论
174 上将,中国,航母,名字,定配,舰队,未定
175 中巴,空军,联合,未必,击败,印度
176 引入,旋翼机
177 披露,电信,垄断,调查,进展,电信,承诺,降价
178 董事长,油价,上调,时机,上调
179 政策,委员会,专家,委员,大换,钱颖一,当选
180 合围,中国,稀土,中方,强调,基于,环保
181 参选,付出,代价,英年,心理,准备
182 高调,煽动,流选,港人,斥罔,民意,行径,低劣
183 首办,特首,接受,私人,款待,记录
184 首办,澄清,曾荫权,澳门,度假,参与,赌博,活动
185 解读,温家宝,香港,流露,关爱,充满,信心
186 校原,校长,搞垮,公务员,倒霉,百姓
187 再次,部署,维稳,工作,加大,旅客,身份,查验,力度
188 人大,代表,工人,农民,比例,上升
189 亲密,阿富汗,问题,步调,一致
190 议会,质询,总统,内贾德,陈述,引骚
191 专机,降落,阿富汗,时险,高速,驾驶,汽车,冲撞
192 平民,士兵,送出,阿富汗,公布
193 公布,杀手,士兵,自首,录像,独自,军营,缴械,自首
194 农建,银行,机假币,无法,解决
195 压力,测试,摩根,大通,分红
196 换债,惠誉,调高,希腊,信评
197 北上,探扁,检方,重新,评估,是否,收监
198 参选,民进党,主席,提字,大陆,交流,原则
199 中国,经济,下行,压力,调低,速度,结构,调整
200 中国,经济,增速,调低,最终惠,民生
201 房价,远远,没有,回到,合理,价位
202 领军,美国,企业,拥万亿,现金,纪录
203 王微,注册,公司,再次,创业
204 总理,中外,记者,引用,古诗文,汇总
205 资金,链断,山东,排名,第富,豪一,成阶,下囚
206 追差点,摔倒,跌否,股市
207 首支,网络战,部队,基本,组建,完成
208 升级,逆火,轰炸机,专打,美国,航母
209 演练,边境,作战,希望,抓住,中国,空军,软肋
210 中国,黑客,侵入,项目,部分,资料,遭窃
211 评价,去年,工作,使用,典故
212 郭凤莲,希望,文革,时代
213 和平,改革,乱改
214 讯问室,实行,物理,隔离,全程,录音,录像
215 放水,放宽,西班牙,减赤,目标
216 开售,市民,提前,排队,保安,驱散
217 义月,登陆,李克强,头衔,回避,政治,职称
218 大幅,高开,外贸,继续,走高
219 小幅,高开沪,指涨,报点
220 记者,李鹏,严谨朱,基激扬,温家宝,外柔内刚
221 昂贵,微博伤,起图
222 扩大,增长,行业,贷款
223 瘦肉,精修法,立法院,充满,朝野,对峙,火爆,气氛
224 谢长廷,解心,结促,膝长,谈逾
225 股民,人均,账户,资产万
226 淘宝,合作,终止,星晨,急便日,开股,东会
227 炼厂,报亏,后成,品油,调价,预期,增强
228 加大,回笼,力度,回购,放量,至亿
229 购亿,中国,国债,人民币,首成,发达,国家,外储
230 查梁,振英,西九门,事件,传召,董建华
231 大学生,报章,广告,追问,梁振英,黑金,丑闻
232 保外,医未,获准,绿委,被关,失忆
233 民共,对话,首发团,超低调,减少,敌视,误解
234 策士,登陆,启动,大陆,另类,接触
235 维持,超低,利率,美股,大涨纳,指收于,点上
236 井冈,山号,中国,现役,战舰,隐身
237 武器,国际,台款,火箭,炮射程,公里
238 歼亚,音速,机动,性能,优异,粉碎,西方,流言
239 新型,核潜艇,性能,大幅,提高
240 再发,声明,唯冠,误导,法院,一直,避偿,债务
241 虚假,收购,道歉,辩称,收购,属实,宣传,夸大
242 出台,央企,社会,责任,管理,指引
243 电联,建议,电价,逐年,增长,亏损,指走,捷径
244 宣布,维持,现有,货币,政策
245 经济,竞争力,城市,排行,天津,深圳,大连,冲进
246 欧日,联盟,起诉,中国,管控,稀土
247 缠身,民望,影响,公民党,落井下石
248 日报,何俊仁,普选,港人,考虑,泛民
249 选委,反对流,选吁,特首,选举,重回
250 要求,券商,四管齐下,防炒
251 指为,铁道,部落,马贪官,疏通,关系
252 僧尼,千余,首次,政府,领取,养老金
253 缅甸,军人,入境,枪杀,中国,公民,答问
254 诉讼法,修正案,草案,五处,修改
255 人大,会议,今闭,温家宝,记者
256 举行,国会,补选,昂山,素季,无法,投票
257 阿富汗,美军,杀人,魔脑部,受创,是否,死刑
258 爆收,卡扎菲,政治,献金,于年,当选,总统
259 周边,国家,苏岩礁,行使,管辖权,断然,应对
260 警告,内地,银行业,不良,贷款,升至
261 收涨
262 五月,赤字,略减,今年,预计,一万亿,美元
263 股东,适格性,核查,趋严,证监会力,拒伪
264 权重,板块,发力,深成,指涨,创年,新高
265 宣布,日本,允购,入亿,人民币,中国,国债
266 光荣,命民,用版,全面,升级,角色,出手,狠辣
267 汇率,接近,均衡,水平,迹象
268 企业,核动力,航母,前往,中东,水域,清图
269 中国,极为,重视,发展,卫星,武器,必须,进行,压制
270 借贷,纠纷,涉金,千亿,亟待,阳光化
271 双雄,建议,调油,价元,时代,逼近
272 商标,诉讼,继续,僵持,唯冠,邀苹,果律,师庭,论法
273 中等,收入,高昂,生活,成本,陷群,体性,焦虑
274 小幅,反弹,深成,指盘,创年,新高
275 深圳,改革,开放
276 法审,判委,委员,地方,领导,过问,依法,裁判,矛盾
277 大涨奥巴马,支持率,下跌
278 扩容,韩国,科威特,授亿,美元,额度
279 高开,蓝筹,普遍,高开
280 涨跌,一沪,指跌,报点
281 土豆,合并,展开,规模,裁员
282 交易,冷清
283 减债,进程,优于,预期,西班牙,下调,减赤,目标
284 危机,冲击,去年,全球,外汇,交易,锐减
285 减工,消防,罢工,料多,参与
286 败选,绿委,兑现,承诺,蹦极直,呼太,冷图
287 美牛,动员,提出,行动,四点,要求
288 邮件,追魂,傲慢,分析师,集体,不满
289 土豆,宣布,换股,方式,合并,土豆,退市
290 化工,非法,集资案,引关注,涉案,金额,超吴,英案
291 热议,银行,暴利,银行,平均,年薪,超万
292 增速,放缓,财政,收支,矛盾,突出
293 建议,成立,唯一,破产,法院
294 财长,批准,希腊发,放亿,欧元,贷款
295 欧洲,航空业,巨头,施压,欧盟,改变,碳税,立场
296 兼职,当歌,周一岳,演唱,活动,邀约,不断
297 部长,立院,备询,绯闻,女友,高金,素梅,缺席
298 泌尿,系统,检查,返监待,医疗,评估
299 施政,满度,六成,国民党,绿营,操弄,民调
300 台设,办事处,绿营,政府,架空
301 土豆,宣布,合并,土豆网,股价,开盘,暴涨
302 委员毛,宇妙,记者,刁钻,问题
303 学农,官员,迁时,心理,躁动
304 公务,员局,公务员,增万,说法,不实
305 菏泽,书记,贪万,死刑,敢贪
306 李明博,去世,谣言,朝鲜,扩散,媒称,大快人心
307 轰炸,加沙,致死,加沙,武装,停火
308 媒称,奥巴马,主动,致电,普京,交谈,分钟,互探,底细
309 屠杀,阿富汗,平民,塔利班,报复,有病,美蛮子
310 十二五,发射,百箭,百星,北斗,业务,井喷,发展
311 少将,歼试,效果,好会,形成,战力
312 解放军,建设,起点,加油机
313 主战,坦克,还重,未来,步兵,战车
314 炒股,支出,全球,榜首
315 损造,富豪,悲催,中国,小散,总是
316 全日,收涨,中国,移动,表现,强势
317 非法,集资,刑拘
318 有色,金属,板块,护盘沪,指跌
319 中国,银行业,利润,不错,暴利,有点,过分
320 发展,肖遂宁,银行,高利,马云,暴利
321 调整,存款,准备,金率,货币,政策,松紧,信号
322 飞发,动机,蓝光,超炫
323 中国,军费,增加,意外,赢家
324 梳理,中国,南海,诉求,松动
325 最新,致命,武器,问世,敌人,极度,适图
326 窄幅,震荡沪,指跌,报点
327 报告,亮点
328 海军,办法,保卫,国家,海洋,领土,完整
329 中国,拟派,海监船,飞机,定期,巡航离,於岛
330 元老,创业,创投,新宠
331 今年,可能,规模,缩小
332 强调,敬重,曾荫权,澄清,搭游艇,付费
333 低开,蓝筹,多空,对峙
334 微幅,开沪,指跌,报点
335 奢侈品,消费,全球,委员,治奢,关键,政府
336 利好,拒回,调希债忧,散币,策料
337 国谈,双英,唐英年,直梁,振英
338 变身,侦探,重返,现场,围观者,好奇
339 大佬,蔡英文,人气,盛苏贞昌,阻力
340 精提案,强攻,立法院,朝野,立委,联手,阻截
341 凌孜,父辈,成绩,无关图
342 不下,狠心,打击,腐败,蔓延图
343 今谈,货币,政策,金融,改革,全球,瞩目
344 朝鲜,接受,监督,分配,条件,韩方,援助
345 人权,报告员,朝鲜,领导,体制,成立,迎新,变化
346 美拟,部署,侦察机,防朝,鲜图
347 部分,歼试,飞员,硕士
348 贸易,逆差,逾亿,美元,为年,单月
349 高管,三公,消费,喝茅,喝拉,菲么
350 减少,液化,气供,应致,价格,上涨,三成
351 结束,破产,保护,投行,迈向,关门大吉
352 永康,企业,老板,跳下,身亡图
353 热议,放活,民间,资本民,企盼,条早,出台
354 建言,提高,国企,红利,上缴,水平
355 人民币,国际化,踏步,前进
356 规模,清理,小产,权房,准备
357 称若,航空,碳税,报复,采取,反制,措施
358 黑帮,拉票,饭局,梁营,主力,廉署,助查
359 探讨,长期,资金,入市,税收,优惠
360 参加,新疆团,审议,强调,坚持,稳定,压倒
361 抓获,外逃贪官,追缴,赃款,赃物亿
362 总署,原署,长称,赖昌,星案,交到,很多,朋友
363 部长,是否,涨价,控烟,研究,之中
364 记者,曲解,意思,朋友
365 修正案,草案,修改处,明年,施行
366 部长,规模,清理,小产,权房
367 否认,部分,政协,委员,加入,外国籍
368 选战,主打,激进,欧洲牌,提修,申根,条约
369 反对,美欧,白俄罗斯,实施,经济,制裁
370 爆发,严重,冲突,国际,社会,双方,克制
371 总统,强烈,谴责,美军,士兵,枪杀,平民,事件
372 承诺,彻查,美军,枪杀,阿富汗,平民,事件,究责
373 佳彦,投书,中国,媒体,感谢,支持,日本,抗震,救灾
374 老牌,航母,企业,启程,中东,针对,伊朗
375 日报,编辑,总理,名字,错登,处理
376 连续年,建议,卖淫,合法化
377 曲解,意思,记者,朋友
378 政协,委员,李海滨,搞大,工程,适度
379 应对,公共,突发,事件,办法,公开,透明
380 妇联,副主席,嫖宿,女罪,成犯罪,分子,免死牌
381 网友,反映,问题,解决,对不起,老百姓
382 调研,购买力,苹果,根黄瓜
383 北京,奥运,烟花,超往,总数
384 妻子,照片,曝光,美女,博士,朝鲜,第一,夫人
385 长谈,官员,雅照,总会,孩子,听话
386 代表,部分,行业,血统,决定,身份,收入
387 证实,日本,政府,掩盖,福岛,危机
388 外长,强调,外交,政策,更加,关注,人权
389 军队,掀倒,戈潮,名军,官出,逃土耳其
390 正面,回答,调往,重庆,传闻
391 听说,重庆,泼脏,包括,本人
392 书记,张高丽,笑答,记者,十八,进常委,传说
393 居住证,管理,办法,草案,今年,国务院,审定
394 书记,副总理,非常,温暖,王岐山,打断,发言
395 代表,没有,听说,内地,高官,澳门,豪赌
396 农民工,代表,胡小燕,学习,申纪兰,忠诚
397 高院,院长,建议,放开,民间,借贷图
398 行长,银行,利润,大部分,政府,拿走
399 委员,路桥,收费,暴利,行业
400 全面,实行,居住证,制度,流动,人口,落户,准备
401 原副书记,老百姓,勤劳
402 司长,港府,尊重,终院,裁决,依法,处理,双非
403 民进党,大陆,往来,新奇
404 盼速,海协,海基,互设,办事处
405 研究,形成,居住证,管理,办法,草案,征求,意见
406 拉登,大老婆,不满,老婆,宠出,卖拉登
407 选管会,主席,破坏,廉洁,选举,文化
408 称瓦,良格,航母,服役,训练,研究
409 千亿,暴利,背后亿,暴税,撑起,部门,利益,保护
410 中国,外交,家王,海容,吴仪,傅莹图
411 代表,中国,突破,重陆,轻海,思想,束缚
412 特首,选举日,举行,投票站,定于,会展,中心
413 承诺,解决,美牛,台施,压至,最高,层次
414 走出,重症,监护室
415 部分,台湾,农产品,大陆,关税,下调
416 宣布,举行,韩日,会晤,讨论,朝核,问题
417 致电,普京,祝贺,当选
418 孕妇,冲急症室,分娩,大部分,中介,停业
419 周年,粉丝,专页,上线,民更
420 会晤,日本,首相,赞台日,关系,历史,高峰
421 抗议,扁服,精神,科药,可能,损坏,脑部
422 澄清,马没,承诺,进口,美牛,避免,激化,民怨
423 东栽,下属,举报,受贿,家具
424 通胀,回落,港股,涨点
425 中笑,谈露,玄机,公务车
426 广东,责任,香港,一起,解决,双非,问题
427 传闻,徐丽,泰促,特首,候选人,政纲
428 唐梁,接受
429 民望,跌唐,英年,微升
430 北斗,系统,帮助,解放军,海外,投送,部队
431 研发,失败,连锁,反应,影响,美霸权
432 格号,购买人,徐增,平盼,中国,航母,今年,服役
433 最新,歼做,出厂,试飞
434 警方,重案,组查,英年,报案,胁迫
435 精神,药物,法务部,澄清,同意,家属,知情
436 去年,余县,处级,以上,官员,涉贪,污贿赂
437 人机,巴基斯坦,南部,打死,武装,人员
438 飞机,神秘,加班,监视,天宫
439 中国,叙利亚,提供万,美元,紧急,援助
440 乌坎,事件,改革,真格,恐怕,出事
441 儿子,国外,读书,享全,开豪,车系,一派,胡言
442 打黑,刑讯,逼供,继续,坚持,打黑,唱红
443 新疆,工作,国家,全局,中具,特殊,地位
444 参加,西藏,代表团,审议,要求,确保,西藏,稳定
445 叙利,亚军,官叛,逃到,土耳其
446 祝普京,建设,强大,俄罗斯,道路,取得,成功
447 发表,声明,纪念,日本,地震,海啸,灾难,周年
448 警告,印度,仿建,吴哥窟,影响,关系
449 将军,涉性,丑闻,解职,军方,正确,认其,是否,胁迫
450 支持,安南,斡旋,行动,叙利亚,反对派,拒绝,呼吁
451 太平洋,司令部,正式,换帅,洛克利尔,走马上任
452 当局,总理,否认,利境,训练,叙利亚,反对派
453 大地震,周年,日本,自杀,高峰,组图
454 驻法,大使,称铀,浓缩,容谈,判系,剥夺,权利
455 副外长,表示,支持,美国,起草,涉叙,决议,草案
456 震荡,扬沪,指涨,报点
457 工人,自述,比产,轻松
458 去年万,股民,人均,亏损万,激发,民怨
459 回应,指致,汽车,熄火,油品,质量,合格
460 轰炸机,日以北,空域,巡航日,紧急,出动,战机,警戒
461 回应,王立军,事件,用人,失察
462 创业板,融资,审核权,下放,深交所
463 亚太,部署,军力,包括,航空母舰
464 军力,差距,惧怕,中国,军费,增长
465 军费,欧洲,中国,带动,军备,竞赛
466 军演,地点,疑惑,进中菲争议,海域
467 报告,中国,网络战,能力,危胁,美军,战时,行动
468 智囊团,中国,空警,比美,整整
469 专家,战机,让歼,对手
470 余架,炫耀武力
471 民资,进入,银行业,出台,实施,细则
472 进口汽,柴油,资质,于月,放开
473 胡润,数据,打架,宗庆,财富,差亿,美元
474 隐蔽,税网,普通,一辈子,交万,元税
475 下滑,快存,争议,存准率,下调,共识
476 同比,新低
477 六国,敦促,伊朗,条件,参加,伊核,问题,对话
478 题材,持续,活跃沪,指涨,报点
479 股评家,单只股,评论
480 外交,大臣,称中,正为,立场,付出,外交,代价
481 经济,数据,公布,涨幅,重回,时代
482 建部,楼市,调控,新招,放松
483 平晤,港区,人大,范太,提特,首受,富豪,款待,事件
484 中国,烟草,千亿,利润,高价烟,推动力
485 副司令,航母,试航,非常,顺利,今年,服役,计划
486 回应,公布,基尼,系数,调查,失业率
487 枭龙,拉美,进军,美国,形成,压力
488 解放军,增长,加速,苏部署
489 成功,发射,卫星,解放军,导弹,危险
490 民营,军工,企业,申请,上市,生产,防空,导弹
491 核潜艇,完成,海试,性能,大吃一惊
492 中国,反舰,弹道,导弹,一发即,击沉,美军,航母
493 解放军,战略,战时,东西线,印先,发制人
494 改名,向外,推销
495 外经贸厅,长梁,耀文,珠三角,外企,现倒,闭潮
496 海关,申请,制止,苹果,进出口
497 制定,民间,资本,进入,金融,领域,细则
498 基女儿,朱燕,政府,尽快,退出,经营性,领域
499 美国,民间,就业,人口,大增,优于,市场,预期
500 国家,降息,压力,犹存
501 祭出,伏克尔,条款,金融业,备战
502 雇员,林建海,出任,国际,货币,基金,组织,秘书长
503 命运,见分晓,或成,欧元区,违约
504 李彦宏成,内地,首富,李嘉诚,跻身,世界
505 破产,清算,深圳,中院,有待省,高院,判决
506 制裁,油井,封井,中企,人员,撤离,叙利亚
507 国企,利润,基本烂,锅里
508 油上,调窗,开启,石化,双雄,局部,地区,惜售
509 非孕妇,王光亚,先采,行政,措施,商长,远治本
510 拉票,饭局,疑点,重重,违反,选举,条例
511 情流,露博,掌声,赞演,技巧,远胜,唐英年
512 英年,私生子,郭妤浅,洒泪,无悔
513 迎来,时代,亿万,富姐,身家,亿图
514 停牌,利器,炒新,末日,来临
515 梦恕,铁道部,乱动,影响
516 听说,铁道部,并入,交通部,改革,方案
517 治疆,每天,处于,兴奋,状态
518 感谢,基层,代表,南水,首都,居民
519 看望,福建,代表团,文明,指数,生态
520 关系,研讨会,发表,视频,讲话,全文
521 修正,草案,今日,提交,人大,审议,写入,保障,人权
522 马称,反对,单独,叙利亚,动武
523 选委,正式,宣布,普京,当选,总统
524 美联社,美办,图片,纪念,金日成,诞辰
525 阿萨德致,贺电,支持,维护,国家,主权
526 平民,逃离,家园,大部分,中国,工人,已经,撤出
527 外长,会见,中国,特使,欢迎,中方,主张
528 超级,星期二,预选,出炉,罗姆尼夺州
529 权重股,表现,活跃,指大,报点
530 反对,林毅夫,台但,尊重,军方,意见
531 海生,唱红,歌应,陶图
532 国务卿,希拉里,表示,美国,普京,合作
533 股市,健康,成熟,百姓,须慎,股票
534 美国,商会,会长,林书豪,长大
535 高开,地产,集体,反弹
536 小幅,高开沪,指涨,回点
537 明星,委员,花瓶,是否,履行,职责
538 年度,支出,达亿,人事,成本,四分之三
539 瘦肉,精绿委,抓狂,大陆,香港,开放,进口
540 全球,股市,拉黑
541 板规,草案,拟定,推出,时间表
542 报告,审议,遇冷
543 河村,道歉,名古屋,官方,关系,前景,美好
544 军民,李明博
545 发布,采用,屏幕,支持
546 若拒,换债,希腊,威胁,倒债
547 重新,评估,棉花,出口,禁令
548 央行狂,撒钱,曝险暴,冲亿,欧元
549 深圳,网友,感谢,港人,广告,惭愧
550 布局,子弟兵,民进党,浮现,蔡苏对决,氛围
551 哭天,阿扁,状况,不知,下去
552 冠心病,前列,腺肿,瘤今,手术,住院
553 中国,特使,叙利亚,东突,答问
554 官员,橄榄形,格局,最高层,基层,比例
555 旅游局,联合,海南,推西,沙游,有利于,宣示,主权
556 谈三,事件,官员,复出,安排,工作,正常
557 之子,支持,中国,外交,爱国主义,表现
558 主席,回应,部分,青少年,离开,西藏,追随,达赖
559 前列,腺疑,查出,肿瘤,医师,建议,留院,观察
560 外人,评论,唐英年,私事,继续,支持
561 政府,证实,温商,收购,大西洋,银行,虚构
562 超越,英国,跃居,世界,第六,经济体
563 爱子,悲从中来,哭喊,好好,儿子,关成
564 新股,发行,改革,措施,分步,实施
565 人民币,中间,价降,基点
566 银开,金库,资产,负债,表破,纪录
567 边境,军演,誓言,消灭,中国,入侵者
568 霸王,美国,空军,女飞,生活,纪实图
569 战机,正式,执行,作战,任务,组图
570 媒称,中国,无法,引进,先进,发动机,购买
571 中国,航母,试航,美军,火商,接到,大量,电话
572 教练,机败,巴西,无缘,巴拉圭,订单
573 专家,中国,美国,海军,准备,水雷
574 火箭,参与,空间站,探月,工程,任务
575 中国,采购,苏战机
576 解释,增幅,保八
577 基之女,介绍,香港,金融,经验
578 急便,否认,陈平跑路,宅急,撇清,关系
579 立人,债权人,浙江,高院,提起,上诉
580 浅谈,唐英年,私生子,传闻,伟大,爱是,原谅
581 震荡,回升,指微,跌重
582 政协,委员,官员,子女,出国,公民,权利
583 托腮,细听,代表,发言,回忆,棚户区,流泪,经历
584 家乡,无辜,妇孺,丧命,叙利亚,一陆,军准,变节
585 省长,改革,石头,过河
586 低调,回避,个人,话题,内蒙古,问题
587 部长,万钢,没有,出来,东西
588 布局,大选,规划,吴敦义,下乡,引揣测
589 学者,台湾,适应,别人,游戏,规则
590 低开,中国人,寿领,蓝筹
591 低开,沪指,跌失,守点
592 弃八,全球,忧虑,欧股,连跌,金价,插水
593 法院,申请,破产,要求,苹果,诉讼
594 戒具,就医,扁妈,拖老,迈身,躯北,上探,儿子
595 跌幅,港股,挫点,牛熊线
596 政协,发言人,以来,从未,提前,布置,问题
597 政府,派出,联合,工作组,刚果,开展,工作
598 外长,代表,叙利亚,斡旋
599 法委,书记,打黑,工作,处于,常态化,阶段
600 国务院,研究,组建,金融,国资委,事宜
601 地方,投资,增倍,回报率,不及,银行,利率
602 玩家,伎俩,深交所,限制,投资者,账户,交易
603 担忧,世界,经济,前景,美欧,股市,剧烈,暴跌
604 全国,激辩,预算案,正式,预算案,接受,议会,质询
605 储高,官称,进一步,量化,宽松,措施,慎用
606 倒债,欧元区,亏万亿,欧元
607 众议院,惩罚,中国,贸易,法案,引发,贸易战
608 阻止,广管局,增发,免费,电视,牌照,败诉
609 称获,中央,领导人,支持,鼓励,充分,配合,调查
610 戒护,就医,检查,下午,结束,留院,过夜
611 倒戈,外有,民怨,牛案,重创,马英九,威信
612 瘦肉,精国民党,党内,反弹,在野党,扬言,倒阁
613 代表团,问及,吴英案
614 代表,委员,旗袍,自掏腰包
615 会见,柬埔寨,王国,副首相,索安图
616 高院,院长,现在,北京,告状,回到,河南
617 上海,静悄,悄地,推行,重大,改革
618 地下,情报局,本拉登,遗体,美国,火葬图
619 媒称,主导,延平岛,事件,朝鲜,军长,撤换
620 保姆,曝是,变性,如今,落难,贫民
621 跌价,社会,库存,达万,公司,年销量
622 全球,富豪榜,内地,首富,宗庆,名列,第位
623 烟草,年日,赚亿,能力,超中,石油
624 回应,回应,吴英案,称应,民间,借贷,阳光化
625 拒绝,出席,法律界,论坛,选委,不满
626 字谈,特首,选举,公平,公正,依法,进行
627 核心,人物,拉票,饭局,江湖,大佬,压阵
628 非孕妇,问题,表态,修改,基本法
629 涉华,关税,法案,分析,引发,贸易战
630 唯冠,提请,破产,清算,苹果,联合,权人,翻案
631 建议,南海,特别,行政区,显示,主权
632 澜雅,虎传,重组,恐大,裁员
633 商人,购美,银行,疑点多官,网查,大西洋,银行
634 未来,航母,需要,多建,可能
635 中国,海军,需要,一直,呆在,索马里,海域
636 卫星,发现,青海,增设,导弹,阵地
637 中国,高原,战轰,增倍,强化,印反制
638 中国,清楚,增长,国防,预算,强军,国际法,管用
639 轰炸机,剑指,中国,摧毁,远程,核武
640 委内瑞拉,洽购,歼战,机运,即将,交付
641 弹道,导弹,创新,研数,款洲,际型
642 媒体,想心,神击毁,中国,歼隐形,战机
643 中国,将建,海军
644 突收,紧禁,房未,婚子,女购,新房
645 风控,财收,增速,赤字,双降
646 中石化,涉嫌,垄断,油品,标准,制定
647 研究,房产,税进,北京,官员,抢答,肯定
648 人民币,汇率,逐步,具备,波幅,加大,条件
649 禁棉,出口,棉价
650 经济,指标,好坏,参半复苏,平稳
651 世界,富豪,指数,排行,史林,第一,比尔盖茨,第二
652 零售,回温,以来,增长
653 货币,汇率,惊涨,出口,商盼,稳定,汇价
654 增值税,导致,国内,商品,国外
655 研究,建立,房地产,宏观,调控,长效,机制
656 参政,议政,代表,委员,市值,万亿
657 震荡,下挫,沪指
658 成都,领馆,职责,警车,子虚乌有
659 去年,实现,重大,事故,发生,马凯,奇迹
660 女谈,红色,后人,万宝宝,上进
661 马发,警告,动武,伊朗,形势,日趋,严峻
662 低开
663 小幅,低开,水泥,板块,跌幅,居前
664 总理,金融,危机,失职,受审
665 放话,当选,主席,登陆,愿设,驻京,代表
666 网上,悲情,留言,出事,祖母,下去
667 部署,党魁,选举,动作,积极,进战,状态
668 副部长,紧急,约见,刚果布,驻华,使馆,临时,代办
669 省委,书记,王珉,谷凤,杰案,孤立,事件
670 笑谈,梁振英,关系,大家,兄弟,姐妹
671 赌场,豪华,套房,特首,办称,幼子,安排
672 预定,明日,医多,敲定,车队,护送,路线
673 突现,重大,转折,行政院,宣布,条件,解禁
674 政府,一声令,解禁,瘦肉,精畜,彻底,激怒
675 回应,市场,热点,主板,退市,制度,上半年
676 省长,朱小丹,政府,改革,阻力,来自,政府,本身
677 代表,旗袍,出席,人大,网友,关心,埋单
678 主席,后代,做官,经商
679 夫人,家人,一起,循福,建回,台湾
680 近平,表示,完全,赞同,政府,工作,报告
681 大选,计票,公布,普京,得票率
682 涨幅,控制,目标,实现,张平称,自我,批评
683 收跌,保险股,领跌
684 首架,飞机,今年,完成,装配,首飞
685 中国,经济,发展,长期,向好,基本面,没有,改变
686 震荡,下行,沪指,放量,跌险,守日线
687 公司,董事长,李小琳,期待,安徽,合作
688 建议,组建,国家,海岸,警备队
689 能源,副总,受贿万,获刑,豪赌
690 预期,增长,目标,首次,低于
691 主板,退市,制度,有望,上半年,推出
692 海军,特战,队员,南海,实弹,射击,训练,组图
693 菲律宾,不断,挑衅,解放军,大舰,陈兵南海
694 中国,研发,第三,导弹
695 中将,中国,军费
696 适合,作舰,载机
697 窄幅,震荡,指微
698 寺庙,实现,领袖,九有,工程
699 总理,放话,伊朗,政策,做主
700 恒指,低开,消费,概念股,走稳
701 小幅,高开沪,指涨
702 宝年,政府,工作,报告,全文
703 内阁,步伐,踉跄,错误,学者,直言,忧心
704 司法,系统万,学雷,局长,上街,捡烟,头图
705 陈水扁,扁家,失势,失落感,造成
706 解禁,艰难,挑战,国民党,吁理性,对话
707 陈竺,补医,不除,难堵,黑洞
708 招待,港区,人大,政协,临卸,任颇,感怀
709 预期,增长,目标,首次,低于
710 就业,人数,连月,劲扬
711 议息,美股,高企,欧元续,承压
712 航空业,转向,亚洲,金主
713 特首,选战,斗到,微博,大陆,民众,超关注
714 人头,党员,问题,屡遭,非议,学者,开放,投票
715 展开,待好,消息,港股,观望
716 国内,生产,总值,万亿,增长
717 举行,规模,集会,声讨,韩军,侮辱金正恩
718 议会,选举,初步,统计,内贾德不敌哈梅内伊
719 否认,破产,清算,商标,转让,费够,还债
720 罕见,停发,央票,市场,博弈,流动性,拐点
721 民间,借贷,事主,经常,自杀,背后,官商,勾结
722 市场,过度,依赖量化,宽松
723 恐需,第波,纾困,资金
724 现金,融资,操作,成效,质疑
725 希腊,评级,降至,垃圾级,低档
726 今年,大陆,孕妇,生子,人数,定万
727 特首,选举,混战,陈志云,任商,行政,总裁
728 驻港,领事馆,收神,秘包裹,掀起,恐袭,疑云
729 特首,选举,候选人,抽签,编号,梁何唐
730 日报,专访,英年,仁者,胜梁,能力,不行
731 决定,参选,主席,苏贞昌,直呼,早咧
732 鸡牛,夹攻,马英九,连任,伊始,棘手,问题,不断
733 个人,投资者,去年,亏损,过半,止损
734 委员,建议,央视,天气,预报,增加,钓鱼岛
735 侧记,铁嘴,李肇星
736 乔布斯,鼓励,创新,称袁,隆平,先生
737 乔布斯,鼓励,科技,创新
738 建议,国企,利润,全民,分红,人发
739 委员,热议,小微,企业,融资,困境,指明,破解
740 大行,率先,松绑,套房,贷款,利率
741 会见,地区,政协,委员,选举,表态
742 代表,委员,期待,发行,制度,改革
743 农民,痛心,股民,伤心
744 勉励,广东,吸取,小悦悦,教训,学雷,锋走,前列
745 韩国,海警,拘捕,非法,捕捞,中国,渔船
746 朝鲜万,集会,抗议,韩国,侮辱金正恩
747 部门,严密,监控,日核,泄漏,中国,海域,长期,影响
748 出席,人大,主席团,会议
749 人大,会议,新闻,发布会,实录
750 卫队,参加,美菲,联合,军演
751 重庆团,驻地,去年,下网,友勿,过度,联想
752 男子,惨死,香港,监狱,赖幸,媛吁,香港,公正,审理
753 命名,问题,没有,客气
754 赢得,华盛顿州,共和党,总统,初选,三连胜
755 放心,养老金入市,宗庆,建议,投资,国企
756 防检局,隐瞒,禽流感,疫情,局长,下台
757 今年,载人,飞天,最多,轨飞天
758 双非,沟通,合作,好事,办好
759 选举,制度,符合,国家,国情
760 会议,十八,重要,会议
761 日报,外国人,观察,减少,中国,走势,误判
762 代表年,财产,公示,纪委,态度,越来越,积极
763 尊重,保障,人权,写入,刑事,诉讼法
764 中国,国防费,预算亿,增长
765 委员,质疑,吴英案,死刑,决吁,破解,融资,难题
766 选举,细节,村民,上台,竞职,演讲
767 建议,中央,加强,港人,国民,价值观,教育
768 委员,痛批,少数,国企,老总,腐败存,巨大,监管,空洞
769 王立军,请假,出席,人大,会议
770 工联,促梁,唐扩,残疾,乘车,优惠
771 双非,妇持,假证,预约,分娩,中介,齐齐,落网
772 发动,南部,媒体,反问,高雄,扁国
773 调近,五成,受访,民众,民进党,废除,台独,党纲
774 调控,热点,话题
775 外币,债券,评级,落至,低级
776 劝进声,不断,陈菊,明确,无意,主席
777 南非,代表处,丑闻,秘书,扬言,寻求,政治,庇护
778 痛批,法务部,屡次,拒绝,就医,申请,草菅人命
779 鹤章,小平,力推,改革,人应,出现
780 钰成,不重组,西九,委员会,梁振英,否认,干预
781 平今日,会晤,澳区,政协,委员
782 自疑,罹大,肠癌,周三,医体,检需,自费
783 广东,打出,声威
784 监察,部长,刘志,军案,进入,司法,程序,时间
785 异地,高考,改革,方案,进入,最后,冲刺,阶段
786 阐述,中方,政治,解决,叙利亚,问题,主张
787 乌坎,重新,选举,林祖恋,当选,村委会,主任
788 感谢,老书,记贺,国强,吃水不忘,挖井人
789 人大,会议,今日,举行,发布会
790 重新,选举,村民,委员会,投票率,八成
791 十一,会议,开幕,贾庆林,工作,报告
792 央企,垄断,挣钱,多数,看法,片面
793 改革,迷雾,揭幕
794 报告,利比亚,内战,双方,部队,犯下,战争,罪行
795 叙利亚,政府军,俘获,法国,军人
796 首相,南京,屠杀,死亡,规模,说法,不一
797 飞机,制造业,驶入,车道,飞机,进展
798 项目,实现,重大,目标,总师,难打,硬仗
799 中国,新型,两栖,战车,安装,坦克,火控,系统
800 设计,团队,设计,亮点,水滴形,机头
801 远东,地区,计划,采购,中国,舟替,换安
802 歼在,内地,替换,苏后者,东海,推进
803 重型,战斗,轰炸机,亮相
804 市月,转俏,陈德霖,出口术,棒喝
805 三特首,候选人,首次,场论,政谈,环保
806 湛江,电视台,原女,台长,带走,调查
807 准备,进一步,制裁,叙利亚
808 脱北者,课题,韩中,外长,共识
809 签新,财政,协议,希腊,次轮,援款,部分,延后
810 三求,延报,资产,拒法,官斥,故意,逃避
811 曾荫权,按约,退租,单位,将续,招租
812 香港,教区,主教,力撑,曾荫权,称赞,对方,诚实
813 轰梁,振英,金融,危机,经验,空话
814 今日,村委,村委,首要,追回,土地
815 叫停,按揭,松绑楼市,调控,博弈,升级
816 英力,阻西,九门,日前,聆讯,触怒立会,议员
817 大陆,自由,行旅,客发,微博,逐万,大奖
818 冯寄台,去职,陪老,母亲,辞职人,常情
819 明率,团访,日本,六天,赠送,香蕉,荔枝,赈灾
820 马英九,叙炮,轰五院,总统,媒体,惊呆
821 关系,改善,起步
822 赞成票,反对,否决,调查,曾荫权
823 脸色,发黑,冰冷,陈致,中放,狠话
824 身体,不适,准予,狱外,戒护,就医,今勘,路线
825 日报,乐见,公务员,来自,公务员,家庭
826 接受,违反,历史,潮流,指责
827 市长,黄奇帆,户籍,改革,存在,刀切
828 坚决,反对,日方,钓鱼岛,附属,岛屿,命名
829 部分,附属,岛屿,标准,名称,名单
830 公布,钓鱼岛,部分,附属,岛屿,标准,名称
831 团单,独入,人民,大会,堂宾馆,门前,戒备森严
832 今日,启幕,政协,会议,开幕
833 修宪,触及,君主立宪制
834 富豪普罗霍罗夫,赢得,大选,结婚
835 收紧,移民,配偶,政策,打击,婚姻,诈骗
836 明日,大选,普京,承诺,民主,改革
837 佳彦,出席,安全,峰会,沟通,朝鲜,问题
838 宗教,委员会,要求,公开,审判,焚烧,古兰经,人员
839 议会,选举,投票,产生,名新,议员
840 创新,服务,创新,并重,安邦,保险,专业化,经营
841 领袖,峰会,登场,聚焦,经济,成长,失业,问题
842 做多,指涨,周线,连阳
843 华人,寿前,董事长,关国亮,挪用,资金亿,判年
844 印要,解放军,规模,进攻,藏南,做好,准备
845 武直,综合,作战,能力,发展,余地
846 舰队,密集,演练,应对,东海,突发,事件
847 媒体,中国,歼适于,作舰,载机,战斗力,胜美
848 航母,可能,进行,载机,相关,试验
849 媒称,二炮,部队,东风,中程,弹道,导弹,曝光图
850 分析,称歼,胜过,日本
851 战机,试飞
852 未雨绸缪,应对,贸易,大战
853 部委,联合,发文,外贸,保持,出口,退税,连续,稳定
854 中国,地方,政府,低调,出手,救市,受益者
855 受理,乔丹,体育,侵权案,起诉
856 新增,贷款,超亿,大行,存款,增亿
857 板难,质量,劫万科,送检,首现,甲醛,超标
858 移动,副总,检方,调查,官方,回应,清楚
859 好转,美国,个人,所得,微增
860 差华尔街,去年,红利减
861 发布,苹果,宣战
862 美国,七日,调查
863 震荡,扬沪,指涨,重回,日线
864 干部,要求,别人,带头,做到
865 储户,机上,取到,假钱,银行,应双,赔偿
866 储年,减持,美债,债主
867 百城楼市,均价,环比,连跌月,京沪,全线,下挫
868 前夕,建部,重申,房地产,调控,政策,松动
869 大熊猫,盈盈,乐乐,交配,再度,失败,打架,收场
870 批评,恐吓,公务员,辩称,有意,针对
871 终于,指名道姓,开火,港人,小心,梁振英
872 哽咽,郑重,致歉,新华社,即时,报道
873 破天,荒立案,调查,特首,曾荫权,表明,休假
874 主席,回应,资本,市场,关注
875 关键,问路,资本,市场,改革,发展
876 湘潭,副市长,公布,妻子,形象,接受,市民,监督图
877 机关,新录,公务员,八成,来自,普通,家庭
878 政协,委员,飞机,上切,蛋糕,预祝,成功图
879 政协,下午点,举行,新闻,发布会,赵启正,答问
880 当前,达赖,集团,妄图,藏区,持续,制造,事端
881 条例,规定,异地,收拘,当地,公安,机关,批准
882 号召,抵制,英货,英国,传召阿,大使,要求,解释
883 首都,爆炸,致人,受伤,总理,谴责
884 拉票,遇示威者,高呼,滚蛋,暂避,咖啡厅
885 称术,恢复,感觉,翱翔
886 教师,讲课,夺枪,射杀,北约,士兵
887 刑事,法院,苏丹,国防部长,发出,逮捕
888 强硬,回击,外部,干涉,政治,事务,企图
889 总统,李明博,首次,要求,日本,慰安妇,问题,道歉
890 首办,澄清,曾荫权,公务,探望,儿子,传闻
891 出席,立法会,答问,大会,回应,近期,负面,新闻
892 上市,公司,盈利,能力,下滑,三成,净利,增长
893 称若,伊朗,战争,国造,导弹,水雷,主角
894 最新,神秘,隐身,直升机,现身托兰斯,机场
895 新型,火箭炮,系统,曝光,类似,美军,型号
896 消息,中国,设计,构型,直升机,造型,科幻
897 梦熊,打破,垄断,发展,民企
898 省域,综合,竞争力,港续,领先
899 料跌,穿负,利率,或告,终结
900 增长,崇拜,风难,减两,热议,居民,幸福
901 电脑,市值,突破亿,美元,世界,值钱,企业
902 市场,能否,红盘,过去,年年,上涨
903 官员,违法,违纪,去职,人大,代表
904 震荡,整理,指涨
905 参加,全国,政协,十一,会议,京外,委员,抵京
906 经侦局,吴英案,非法,吸储,异于,集资,诈骗
907 外长,权邀,外资,开发,南海,招标,延迟
908 中国,减持,美国,国债,至万亿,美元
909 要求,欧盟,调查
910 上季,企业,资本,支出,大增,可望,转正
911 央行,释亿,欧元,银疯,抢贷
912 土地,民进党,大佬,吴乃仁,奇昌,判刑
913 身体,不适,申请,戒护,就医,吴淑珍,前往,探视
914 抱怨,马英九,连任,礼竟,瘦肉精
915 接棒,代理,主席,正式,参选
916 书记,稳定,压倒,落实,手机,网络,管理
917 美女,间谍,暴露,结局
918 扩大,跨境,人民币,业务,范围,品种
919 董事,总经理,涉内,交易,遭美,联邦,机构,调查
920 要求,披露,发稿人,身份,变相,恐吓
921 专员,申报,黄楚标,关系,密切,一起,打球
922 票数,宣布,出局,特首,选举
923 发表,第三,高级别,对话,成果,答问
924 中国,没有,南海,提出,主权,声索
925 人大,农业,农村,委员会,副主任委员
926 常委会,澳门,立法会,特首,产生,办法,决定
927 人大,常委会,第二十五,会议,闭幕
928 人民,代表,大会,实有,代表人
929 冲绳县,知事,去年,空中,视察,钓鱼岛,宣示,主权
930 市长,爆金,倡议,建立,名古屋,共和国
931 寓所,惊现,圣经,疑藏,恐怖,袭击,密码
932 阵脚,总统,提名,战再,赢州,战胜
933 敢死队,护送,受伤,记者,出境,一路,遭阻,击死
934 地产,巨鳄,郑裕,隐退,世界,发展,股价,直降
935 介入,电影,票限,折令,律师,电影局,违法
936 现金流,普遍,趋紧,三月,迎战,偿债,高峰
937 拟月,新增,航海,税碳,贸易,升级
938 流程,最多,投票,超票,流选
939 长子,嫡孙,正式,接棒,任即,宣称,革新图
940 宣布,退休,世界,人事,替引,全城,瞩目
941 回应,国台办,秩序,大陆,往来
942 正式,卸任,重返,执政,遗憾
943 主席,回应,股指,归零力,荐绩,优大盘股
944 安卢,平权,免去,最高,人民,检察院,检察员,职务
945 免去,最高,审判,委员会,委员,审判员,职务
946 透过,微博,回复,癌症,患者,家属,公开信
947 美军,部分,遇难者,遗骸,遗弃,垃圾场
948 首相,官方,网站,增设,中文,版冀,深化,理解
949 对话,进展,金正恩,通美,封南,老路
950 再造,歼敌者,中国,形成,致命,封锁
951 强雷,达层,仍然,北斗
952 解放军,造超,大型,攻击舰,航母
953 运载,火箭,发动机,真空,系统,试验
954 枭龙,战机,大量,订单
955 商人亿,全球,唯一,星级,双体,邮轮图
956 商标,争未,见分晓,苹果,唯冠,直指,争议
957 原有,政策,动摇,基础,已经,存在
958 内地,市场,权重,攀升,外资,扩大,投资
959 否认,参与,投标,菲律宾,开采,南海,争议,油气田
960 选委,提名,梁振英,补交,提名
961 收涨
962 震荡,下行,沪指,缩量
963 今年,推水,电气价,改缩,短成,品油,调价,周期
964 人民币,中间,价创,汇改,以来,新高
965 议会,割肉,法案,削减,养老金,工资
966 智库,评出,全球,军火商,美国,独占家
967 歼貌,融合,世界,先进,技术,存大,问题
968 小时,联合,值班,模式,战备,之弦,紧绷
969 大型,模锻,压机,突破,强力,支撑,航空,事业
970 媒称,中国,自主,组装,歼后,拒绝,使用,俄方,部件
971 媒体,中国,未来,部署,艘型,登陆舰
972 南海,可能,爆发,一些,突发,事件
973 美核,弹头,悬殊,巨大
974 百万,翁微,降至,万名
975 期望,中国,爆炸式,改革
976 记黄,埔拿,十余,开发,升值
977 苹果,有望,月日,发布
978 大学,教授,无人,机可,四代,机组,成战,机群
979 造就,亿万,富翁,散户,宰割,对象
980 跌盘,跌破,日线,资源,抢眼
981 民进党,改台,独立,交往,大门,敞开
982 中国,海监船,再度,要求,日本,测量,停止,调查
983 卸任,党魁,首件,包场,昂山,素季
984 高开,中资,金融股,领涨
985 小幅,开沪,指跌
986 受理,首次,行贿,犯罪,档案,查询
987 高院,院长,民间,借贷,案件,党政,协调
988 车队,占路,小时,精确
989 脸书,专利,战开
990 打击,炒汇,菜篮族,大军,失势
991 百万富翁,减少,逾万,以上,人数
992 定位,亲民党,代言,阶层,站在,蓝绿,之间
993 卸职,高雄,市长,陈菊,暂代,民进党,主席
994 广东,省委,常委,卸任,广东省,副省长
995 政府,领导,分工,调整,朱小丹,分管,审计,工作
996 涨幅,明显,低于,去年,价格,改革,方案,择机,出台
997 商标权,案二,审月,开庭
998 发布会,抗议者,搅局,高喊,国企,私有化
999 行长,建言,中国,国企,应返,红利
